<?xml version="1.0" encoding="UTF-8"?>
<!-- Generated by org.testng.reporters.JUnitReportReporter -->
<testsuite hostname="LAPTOP-D7ID1N72" failures="0" tests="1" name="com.testcases.LoginTestFacebook" time="10.301" errors="0" timestamp="2021-02-07T17:48:31 IST" skipped="0">
  <testcase classname="com.testcases.LoginTestFacebook" name="LoginApplication" time="10.301"/>
  <system-out/>
</testsuite> <!-- com.testcases.LoginTestFacebook -->
