<?xml version="1.0" encoding="UTF-8"?>
<!-- Generated by org.testng.reporters.JUnitReportReporter -->
<testsuite hostname="LAPTOP-D7ID1N72" failures="0" tests="1" name="com.testcases.TestSignUpWallethub" time="2.142" errors="0" timestamp="2021-02-07T19:16:34 IST" skipped="0">
  <testcase classname="com.testcases.TestSignUpWallethub" name="SignUpApplication" time="2.142"/>
  <system-out/>
</testsuite> <!-- com.testcases.TestSignUpWallethub -->
