<?xml version="1.0" encoding="UTF-8"?>
<!-- Generated by org.testng.reporters.JUnitReportReporter -->
<testsuite hostname="LAPTOP-D7ID1N72" failures="0" tests="1" name="com.testcases.ReviewWalletHubInsaurance" time="34.393" errors="0" timestamp="2021-02-11T17:03:45 IST" skipped="0">
  <testcase classname="com.testcases.ReviewWalletHubInsaurance" name="ReviewInsaurance" time="34.393"/>
  <system-out/>
</testsuite> <!-- com.testcases.ReviewWalletHubInsaurance -->
